<?xml version="1.0" encoding="UTF-8"?>
<!-- Generated by org.testng.reporters.JUnitXMLReporter -->
<testsuite ignored="0" hostname="DESKTOP-3HMNV2I" failures="0" tests="5" name="Test" time="7.838" errors="0" timestamp="2023-07-12T16:42:48 GMT-05:00">
  <testcase classname="org.testing.apitesting.testScripts.TestCase1_PostStudent" name="testCase1_Student" time="2.442"/>
  <testcase classname="org.testing.apitesting.testScripts.TestCase4_GetParticularStudent" name="testCase4_getaStudent" time="0.118"/>
  <testcase classname="org.testing.apitesting.testScripts.TestCase5_UpdateStudentName" name="testCase5_updateStudentName" time="0.055"/>
  <testcase classname="org.testing.apitesting.testScripts.TestCase6_UpdateUsingPut" name="testCase6_updateallDetails" time="0.083"/>
  <testcase classname="org.testing.apitesting.testScripts.TestCase7_DeleteStudent" name="deleteStdnt" time="5.048"/>
</testsuite> <!-- Test -->
